c:\users\kevin\source\repos\avxcli\release\vc142.pdb
c:\users\kevin\source\repos\avxcli\release\.netframework,version=v4.8.assemblyattributes.obj
c:\users\kevin\source\repos\avxcli\release\xvmem_windows.obj
c:\users\kevin\source\repos\avxcli\release\xvmem_unix.obj
c:\users\kevin\source\repos\avxcli\release\xvmem.obj
c:\users\kevin\source\repos\avxcli\release\xbitarray.obj
c:\users\kevin\source\repos\avxcli\release\slicable.obj
c:\users\kevin\source\repos\avxcli\release\search.obj
c:\users\kevin\source\repos\avxcli\release\fivebitencoding.obj
c:\users\kevin\source\repos\avxcli\release\clexindex.obj
c:\users\kevin\source\repos\avxcli\release\bookchapterversemap.obj
c:\users\kevin\source\repos\avxcli\release\bookchapterverse.obj
c:\users\kevin\source\repos\avxcli\release\avxtest.obj
c:\users\kevin\source\repos\avxcli\release\avxsearchresult.obj
c:\users\kevin\source\repos\avxcli\release\avx.obj
c:\users\kevin\source\repos\avxcli\release\avlclr.obj
c:\users\kevin\source\repos\avx\release\quellehmi.dll
c:\users\kevin\source\repos\avx\release\system.threading.tasks.extensions.dll
c:\users\kevin\source\repos\avx\release\utf8json.dll
c:\users\kevin\source\repos\avx\release\quellehmi.pdb
c:\users\kevin\source\repos\avx\release\avxcli.dll
c:\users\kevin\source\repos\avx\release\avxcli.pdb
c:\users\kevin\source\repos\avxcli\release\avxcli.tlog\metagen.write.1.tlog
c:\users\kevin\source\repos\avxcli\release\avxcli.tlog\cl.command.1.tlog
c:\users\kevin\source\repos\avxcli\release\avxcli.tlog\cl.read.1.tlog
c:\users\kevin\source\repos\avxcli\release\avxcli.tlog\cl.write.1.tlog
c:\users\kevin\source\repos\avxcli\release\avxcli.tlog\copylocal.read.1u.tlog
c:\users\kevin\source\repos\avxcli\release\avxcli.tlog\copylocal.write.1u.tlog
c:\users\kevin\source\repos\avxcli\release\avxcli.tlog\link.command.1.tlog
c:\users\kevin\source\repos\avxcli\release\avxcli.tlog\link.read.1.tlog
c:\users\kevin\source\repos\avxcli\release\avxcli.tlog\link.write.1.tlog
c:\users\kevin\source\repos\avxcli\release\avxcli.tlog\metagen.read.1.tlog
c:\users\kevin\source\repos\avxcli\release\avxcli.tlog\quellehmi.dll.metagen
