  AVLCLR.cpp
C:\Users\kevin\source\repos\AVXCLI\AVLCLR.h(154,30): warning C4114: same type qualifier used more than once
C:\Users\kevin\source\repos\AVXCLI\AVLCLR.h(155,30): warning C4114: same type qualifier used more than once
C:\Users\kevin\source\repos\AVXCLI\AVLCLR.cpp(529,36): warning C4114: same type qualifier used more than once
C:\Users\kevin\source\repos\AVXCLI\AVLCLR.cpp(636,36): warning C4114: same type qualifier used more than once
C:\Users\kevin\source\repos\AVXCLI\AVLCLR.cpp(677,45): warning C4554: '&': check operator precedence for possible error; use parentheses to clarify precedence
C:\Users\kevin\source\repos\AVXCLI\AVLCLR.cpp(724,45): warning C4554: '&': check operator precedence for possible error; use parentheses to clarify precedence
  avx.cpp
  AVXSearchResult.cpp
  AVXTest.cpp
C:\Users\kevin\source\repos\AVXCLI\FeatureSpec.h(21,25): warning C4018: '<': signed/unsigned mismatch
C:\Users\kevin\source\repos\AVXCLI\SearchFragment.h(23,25): warning C4018: '<': signed/unsigned mismatch
C:\Users\kevin\source\repos\AVXCLI\SearchClause.h(23,25): warning C4018: '<': signed/unsigned mismatch
  BookChapterVerse.cpp
  BookChapterVerseMap.cpp
  CLexIndex.cpp
  fivebitencoding.cpp
C:\Users\kevin\source\repos\AVXCLI\fivebitencoding.cpp(87,21): warning C4018: '<': signed/unsigned mismatch
C:\Users\kevin\source\repos\AVXCLI\fivebitencoding.cpp(103,21): warning C4018: '<': signed/unsigned mismatch
C:\Users\kevin\source\repos\AVXCLI\fivebitencoding.cpp(106,21): warning C4018: '<': signed/unsigned mismatch
C:\Users\kevin\source\repos\AVXCLI\fivebitencoding.cpp(169,21): warning C4018: '<': signed/unsigned mismatch
C:\Users\kevin\source\repos\AVXCLI\fivebitencoding.cpp(178,22): warning C4018: '<': signed/unsigned mismatch
C:\Users\kevin\source\repos\AVXCLI\fivebitencoding.cpp(187,22): warning C4018: '<': signed/unsigned mismatch
C:\Users\kevin\source\repos\AVXCLI\fivebitencoding.cpp(204,22): warning C4018: '<': signed/unsigned mismatch
C:\Users\kevin\source\repos\AVXCLI\fivebitencoding.cpp(268,22): warning C4018: '<': signed/unsigned mismatch
C:\Users\kevin\source\repos\AVXCLI\fivebitencoding.cpp(393,5): warning C4996: 'strcpy': This function or variable may be unsafe. Consider using strcpy_s instead. To disable deprecation, use _CRT_SECURE_NO_WARNINGS. See online help for details.
  search.cpp
C:\Users\kevin\source\repos\AVXCLI\FeatureSpec.h(21,25): warning C4018: '<': signed/unsigned mismatch
C:\Users\kevin\source\repos\AVXCLI\SearchFragment.h(23,25): warning C4018: '<': signed/unsigned mismatch
C:\Users\kevin\source\repos\AVXCLI\SearchClause.h(23,25): warning C4018: '<': signed/unsigned mismatch
  slicable.cpp
C:\Users\kevin\source\repos\AVXCLI\slicable.cpp(15,36): warning C4018: '<': signed/unsigned mismatch
C:\Users\kevin\source\repos\AVXCLI\slicable.cpp(15,69): warning C4018: '<': signed/unsigned mismatch
C:\Users\kevin\source\repos\AVXCLI\slicable.cpp(35,24): warning C4018: '<': signed/unsigned mismatch
  XBitArray.cpp
  XVMem.cpp
  XVMem_unix.cpp
  XVMem_windows.cpp
  .NETFramework,Version=v4.8.AssemblyAttributes.cpp
  Generating Code...
  AVLCLR.obj : MSIL module encountered; incremental linking is disabled for MSIL; performing full link
  AVXCLI.vcxproj -> C:\Users\kevin\source\repos\AVX\Release\AVXCLI.dll
